# JRE version: OpenJDK Runtime Environment Microsoft-13106358 (17.0.18+8) (build 17.0.18+8-LTS)
# Java VM: OpenJDK 64-Bit Server VM Microsoft-13106358 (17.0.18+8-LTS, mixed mode, sharing, tiered, compressed oops, compressed class ptrs, g1 gc, windows-amd64)
GC Precious Log:
 CPUs: 4 total, 4 available
 Memory: 4001M
 Large Page Support: Disabled
 NUMA Support: Disabled
 Compressed Oops: Enabled (32-bit)
 Heap Region Size: 1M
 Heap Min Capacity: 8M
 Heap Initial Capacity: 64M
 Heap Max Capacity: 1002M
 Pre-touch: Disabled
 Parallel Workers: 4
 Concurrent Workers: 1
 Concurrent Refinement Workers: 4
 Periodic GC: Disabled
Heap:
 garbage-first heap   total 189440K, used 81735K [0x00000000c1600000, 0x0000000100000000)
  region size 1024K, 1 young (1024K), 1 survivors (1024K)
 Metaspace       used 37497K, committed 37952K, reserved 1114112K
  class space    used 4139K, committed 4352K, reserved 1048576K
GC Heap History (20 events):
Event: 457.424 GC heap after
{Heap after GC invocations=64 (full 0):
 garbage-first heap   total 178176K, used 64400K [0x00000000c1600000, 0x0000000100000000)
  region size 1024K, 2 young (2048K), 2 survivors (2048K)
 Metaspace       used 35433K, committed 35968K, reserved 1114112K
  class space    used 3934K, committed 4224K, reserved 1048576K
}
Event: 457.632 GC heap before
{Heap before GC invocations=64 (full 0):
 garbage-first heap   total 178176K, used 65424K [0x00000000c1600000, 0x0000000100000000)
  region size 1024K, 4 young (4096K), 2 survivors (2048K)
 Metaspace       used 35433K, committed 35968K, reserved 1114112K
  class space    used 3934K, committed 4224K, reserved 1048576K
}
Event: 457.658 GC heap after
{Heap after GC invocations=65 (full 0):
 garbage-first heap   total 178176K, used 64043K [0x00000000c1600000, 0x0000000100000000)
  region size 1024K, 1 young (1024K), 1 survivors (1024K)
 Metaspace       used 35433K, committed 35968K, reserved 1114112K
  class space    used 3934K, committed 4224K, reserved 1048576K
}
Event: 464.539 GC heap before
{Heap before GC invocations=66 (full 0):
 garbage-first heap   total 178176K, used 119339K [0x00000000c1600000, 0x0000000100000000)
  region size 1024K, 54 young (55296K), 1 survivors (1024K)
 Metaspace       used 35557K, committed 36032K, reserved 1114112K
  class space    used 3935K, committed 4224K, reserved 1048576K
}
Event: 464.565 GC heap after
{Heap after GC invocations=67 (full 0):
 garbage-first heap   total 178176K, used 74072K [0x00000000c1600000, 0x0000000100000000)
  region size 1024K, 7 young (7168K), 7 survivors (7168K)
 Metaspace       used 35557K, committed 36032K, reserved 1114112K
  class space    used 3935K, committed 4224K, reserved 1048576K
}
Event: 464.623 GC heap before
{Heap before GC invocations=67 (full 0):
 garbage-first heap   total 178176K, used 75096K [0x00000000c1600000, 0x0000000100000000)
  region size 1024K, 8 young (8192K), 7 survivors (7168K)
 Metaspace       used 35557K, committed 36032K, reserved 1114112K
  class space    used 3935K, committed 4224K, reserved 1048576K
}
Event: 464.658 GC heap after
{Heap after GC invocations=68 (full 0):
 garbage-first heap   total 178176K, used 74428K [0x00000000c1600000, 0x0000000100000000)
  region size 1024K, 1 young (1024K), 1 survivors (1024K)
 Metaspace       used 35557K, committed 36032K, reserved 1114112K
  class space    used 3935K, committed 4224K, reserved 1048576K
}
Event: 471.535 GC heap before
{Heap before GC invocations=68 (full 0):
 garbage-first heap   total 178176K, used 124604K [0x00000000c1600000, 0x0000000100000000)
  region size 1024K, 51 young (52224K), 1 survivors (1024K)
 Metaspace       used 36718K, committed 37120K, reserved 1114112K
  class space    used 4073K, committed 4288K, reserved 1048576K
}
Event: 471.547 GC heap after
{Heap after GC invocations=69 (full 0):
 garbage-first heap   total 178176K, used 75353K [0x00000000c1600000, 0x0000000100000000)
  region size 1024K, 2 young (2048K), 2 survivors (2048K)
 Metaspace       used 36718K, committed 37120K, reserved 1114112K
  class space    used 4073K, committed 4288K, reserved 1048576K
}
Event: 483.906 GC heap before
{Heap before GC invocations=70 (full 0):
 garbage-first heap   total 178176K, used 128601K [0x00000000c1600000, 0x0000000100000000)
  region size 1024K, 54 young (55296K), 2 survivors (2048K)
 Metaspace       used 37237K, committed 37696K, reserved 1114112K
  class space    used 4131K, committed 4352K, reserved 1048576K
}
Event: 483.941 GC heap after
{Heap after GC invocations=71 (full 0):
 garbage-first heap   total 178176K, used 76234K [0x00000000c1600000, 0x0000000100000000)
  region size 1024K, 3 young (3072K), 3 survivors (3072K)
 Metaspace       used 37237K, committed 37696K, reserved 1114112K
  class space    used 4131K, committed 4352K, reserved 1048576K
}
Event: 484.185 GC heap before
{Heap before GC invocations=71 (full 0):
 garbage-first heap   total 178176K, used 81354K [0x00000000c1600000, 0x0000000100000000)
  region size 1024K, 8 young (8192K), 3 survivors (3072K)
 Metaspace       used 37274K, committed 37696K, reserved 1114112K
  class space    used 4133K, committed 4352K, reserved 1048576K
}
Event: 484.243 GC heap after
{Heap after GC invocations=72 (full 0):
 garbage-first heap   total 178176K, used 75685K [0x00000000c1600000, 0x0000000100000000)
  region size 1024K, 1 young (1024K), 1 survivors (1024K)
 Metaspace       used 37274K, committed 37696K, reserved 1114112K
  class space    used 4133K, committed 4352K, reserved 1048576K
}
Event: 486.612 GC heap before
{Heap before GC invocations=72 (full 0):
 garbage-first heap   total 178176K, used 132005K [0x00000000c1600000, 0x0000000100000000)
  region size 1024K, 56 young (57344K), 1 survivors (1024K)
 Metaspace       used 37435K, committed 37824K, reserved 1114112K
  class space    used 4137K, committed 4352K, reserved 1048576K
}
Event: 486.634 GC heap after
{Heap after GC invocations=73 (full 0):
 garbage-first heap   total 178176K, used 78661K [0x00000000c1600000, 0x0000000100000000)
  region size 1024K, 4 young (4096K), 4 survivors (4096K)
 Metaspace       used 37435K, committed 37824K, reserved 1114112K
  class space    used 4137K, committed 4352K, reserved 1048576K
}
Event: 488.786 GC heap before
{Heap before GC invocations=74 (full 0):
 garbage-first heap   total 179200K, used 136005K [0x00000000c1600000, 0x0000000100000000)
  region size 1024K, 60 young (61440K), 4 survivors (4096K)
 Metaspace       used 37494K, committed 37952K, reserved 1114112K
  class space    used 4139K, committed 4352K, reserved 1048576K
}
Event: 488.819 GC heap after
{Heap after GC invocations=75 (full 0):
 garbage-first heap   total 179200K, used 82155K [0x00000000c1600000, 0x0000000100000000)
  region size 1024K, 7 young (7168K), 7 survivors (7168K)
 Metaspace       used 37494K, committed 37952K, reserved 1114112K
  class space    used 4139K, committed 4352K, reserved 1048576K
}
Event: 488.916 GC heap before
{Heap before GC invocations=75 (full 0):
 garbage-first heap   total 179200K, used 83179K [0x00000000c1600000, 0x0000000100000000)
  region size 1024K, 8 young (8192K), 7 survivors (7168K)
 Metaspace       used 37494K, committed 37952K, reserved 1114112K
  class space    used 4139K, committed 4352K, reserved 1048576K
}
Event: 489.024 GC heap after
{Heap after GC invocations=76 (full 0):
 garbage-first heap   total 179200K, used 81951K [0x00000000c1600000, 0x0000000100000000)
  region size 1024K, 1 young (1024K), 1 survivors (1024K)
 Metaspace       used 37494K, committed 37952K, reserved 1114112K
  class space    used 4139K, committed 4352K, reserved 1048576K
}
Event: 489.268 GC heap before
{Heap before GC invocations=76 (full 0):
 garbage-first heap   total 179200K, used 91167K [0x00000000c1600000, 0x0000000100000000)
  region size 1024K, 11 young (11264K), 1 survivors (1024K)
 Metaspace       used 37497K, committed 37952K, reserved 1114112K
  class space    used 4139K, committed 4352K, reserved 1048576K
}

